  main.cpp
C:\Users\gonzalo.valenti\Documents\MisCosas\Programacion2D_Utad\Practica 2\src\main.cpp(40,12): warning C4244: 'initializing': conversion from 'float' to 'int', possible loss of data
C:\Users\gonzalo.valenti\Documents\MisCosas\Programacion2D_Utad\Practica 2\src\main.cpp(41,12): warning C4244: 'initializing': conversion from 'float' to 'int', possible loss of data
C:\Users\gonzalo.valenti\Documents\MisCosas\Programacion2D_Utad\Practica 2\src\main.cpp(47,35): warning C4244: 'argument': conversion from 'int' to 'float', possible loss of data
C:\Users\gonzalo.valenti\Documents\MisCosas\Programacion2D_Utad\Practica 2\src\main.cpp(47,20): warning C4244: 'argument': conversion from 'int' to 'float', possible loss of data
C:\Users\gonzalo.valenti\Documents\MisCosas\Programacion2D_Utad\Practica 2\src\main.cpp(93,47): warning C4244: 'argument': conversion from 'float' to 'int', possible loss of data
C:\Users\gonzalo.valenti\Documents\MisCosas\Programacion2D_Utad\Practica 2\src\main.cpp(93,40): warning C4244: 'argument': conversion from 'float' to 'int', possible loss of data
C:\Users\gonzalo.valenti\Documents\MisCosas\Programacion2D_Utad\Practica 2\src\main.cpp(95,22): warning C4244: 'argument': conversion from 'float' to 'int', possible loss of data
C:\Users\gonzalo.valenti\Documents\MisCosas\Programacion2D_Utad\Practica 2\src\main.cpp(95,15): warning C4244: 'argument': conversion from 'float' to 'int', possible loss of data
C:\Users\gonzalo.valenti\Documents\MisCosas\Programacion2D_Utad\Practica 2\src\main.cpp(127,33): warning C4244: 'argument': conversion from 'double' to 'float', possible loss of data
C:\Users\gonzalo.valenti\Documents\MisCosas\Programacion2D_Utad\Practica 2\src\main.cpp(127,25): warning C4244: 'argument': conversion from 'double' to 'float', possible loss of data
C:\Users\gonzalo.valenti\Documents\MisCosas\Programacion2D_Utad\Practica 2\src\main.cpp(136,31): warning C4244: 'argument': conversion from 'double' to 'float', possible loss of data
C:\Users\gonzalo.valenti\Documents\MisCosas\Programacion2D_Utad\Practica 2\src\main.cpp(136,23): warning C4244: 'argument': conversion from 'double' to 'float', possible loss of data
C:\Users\gonzalo.valenti\Documents\MisCosas\Programacion2D_Utad\Practica 2\src\main.cpp(138,47): warning C4244: 'argument': conversion from 'double' to 'float', possible loss of data
C:\Users\gonzalo.valenti\Documents\MisCosas\Programacion2D_Utad\Practica 2\src\main.cpp(138,39): warning C4244: 'argument': conversion from 'double' to 'float', possible loss of data
C:\Users\gonzalo.valenti\Documents\MisCosas\Programacion2D_Utad\Practica 2\src\main.cpp(140,28): warning C4244: '+=': conversion from 'double' to 'float', possible loss of data
C:\Users\gonzalo.valenti\Documents\MisCosas\Programacion2D_Utad\Practica 2\src\main.cpp(144,29): warning C4244: '+=': conversion from 'double' to 'float', possible loss of data
C:\Users\gonzalo.valenti\Documents\MisCosas\Programacion2D_Utad\Practica 2\src\main.cpp(147,28): warning C4244: '+=': conversion from 'double' to 'float', possible loss of data
C:\Users\gonzalo.valenti\Documents\MisCosas\Programacion2D_Utad\Practica 2\src\main.cpp(151,29): warning C4244: '+=': conversion from 'double' to 'float', possible loss of data
  programacion2d.vcxproj -> C:\Users\gonzalo.valenti\Documents\MisCosas\Programacion2D_Utad\Practica 2\project\Debug\programacion2d.exe
